
> @figma/my-make-file@0.0.1 type-check
> tsc --noEmit

src/app/components/CommentList.tsx(38,58): error TS2367: This comparison appears to be unintentional because the types 'UserRole | undefined' and '"admin"' have no overlap.
src/app/components/CreatePostModal.tsx(20,11): error TS6133: 'user' is declared but its value is never read.
src/app/components/EditPostModal.tsx(2,13): error TS6133: 'Calendar' is declared but its value is never read.
src/app/components/EditPostModal.tsx(19,9): error TS6198: All destructured elements are unused.
src/app/components/MemberPicker.tsx(1,27): error TS6133: 'useEffect' is declared but its value is never read.
src/app/components/MemberPicker.tsx(3,21): error TS6133: 'Check' is declared but its value is never read.
src/app/components/PollVoteModal.tsx(2,26): error TS6133: 'MoreVertical' is declared but its value is never read.
src/app/components/PollVoteModal.tsx(27,10): error TS6133: 'showMenu' is declared but its value is never read.
src/app/components/PollVoteModal.tsx(113,30): error TS2552: Cannot find name 'canDelete'. Did you mean 'onDelete'?
src/app/components/PollVoteModal.tsx(123,22): error TS2552: Cannot find name 'canDelete'. Did you mean 'onDelete'?
src/app/components/PollVoteModal.tsx(161,57): error TS2362: The left-hand side of an arithmetic operation must be of type 'any', 'number', 'bigint' or an enum type.
src/app/components/PostDetailModal.tsx(31,10): error TS6133: 'showMenu' is declared but its value is never read.
src/app/components/PostDetailModal.tsx(57,9): error TS6133: 'handleEdit' is declared but its value is never read.
src/app/components/PostDetailModal.tsx(62,9): error TS6133: 'handleDelete' is declared but its value is never read.
src/app/components/PostDetailModal.tsx(193,32): error TS2339: Property 'name' does not exist on type 'Member'.
src/app/components/PostDetailModal.tsx(197,34): error TS2339: Property 'name' does not exist on type 'Member'.
src/app/components/PostDetailModal.tsx(274,75): error TS2365: Operator '+' cannot be applied to types 'number' and 'number | string[]'.
src/app/components/PostDetailModal.tsx(275,59): error TS2362: The left-hand side of an arithmetic operation must be of type 'any', 'number', 'bigint' or an enum type.
src/app/contexts/DataContext.tsx(238,21): error TS2339: Property 'likes' does not exist on type 'PostDoc'.
src/app/contexts/DataContext.tsx(239,32): error TS2339: Property 'likes' does not exist on type 'PostDoc'.
src/app/contexts/DataContext.tsx(312,9): error TS2322: Type 'string | null | undefined' is not assignable to type 'string | undefined'.
  Type 'null' is not assignable to type 'string | undefined'.
src/app/contexts/DataContext.tsx(323,9): error TS2322: Type 'Date | null' is not assignable to type 'Date | undefined'.
  Type 'null' is not assignable to type 'Date | undefined'.
src/app/contexts/DataContext.tsx(336,9): error TS2322: Type 'Date | null' is not assignable to type 'Date | undefined'.
  Type 'null' is not assignable to type 'Date | undefined'.
src/app/contexts/DataContext.tsx(427,9): error TS2322: Type 'string | null | undefined' is not assignable to type 'string | undefined'.
  Type 'null' is not assignable to type 'string | undefined'.
src/app/pages/AdminPage.tsx(193,12): error TS2304: Cannot find name 'Shield'.
src/app/pages/AdminPage.tsx(206,12): error TS2304: Cannot find name 'Shield'.
src/app/pages/AdminPage.tsx(552,9): error TS2353: Object literal may only specify known properties, and 'likes' does not exist in type 'Omit<PostDoc, "createdAt" | "updatedAt" | "id">'.
src/app/pages/AlbumPage.tsx(59,9): error TS2322: Type 'string | null | undefined' is not assignable to type 'string | undefined'.
  Type 'null' is not assignable to type 'string | undefined'.
src/app/pages/BoardsPage.tsx(3,31): error TS6133: 'Calendar' is declared but its value is never read.
src/app/pages/FinancePage.tsx(9,3): error TS6133: 'Filter' is declared but its value is never read.
src/app/pages/FinancePage.tsx(11,3): error TS6133: 'CreditCard' is declared but its value is never read.
src/app/pages/FinancePage.tsx(12,3): error TS6133: 'ShoppingBag' is declared but its value is never read.
src/app/pages/FinancePage.tsx(40,57): error TS6133: 'onBack' is declared but its value is never read.
src/app/pages/GameRecordPage.tsx(30,9): error TS6133: 'user' is declared but its value is never read.
src/app/pages/HomePage.tsx(18,9): error TS6133: 'user' is declared but its value is never read.
src/app/pages/LoginPage.tsx(21,3): error TS6133: 'isIOS' is declared but its value is never read.
src/app/pages/MyActivityPage.tsx(29,30): error TS2551: Property 'authorId' does not exist on type 'Post'. Did you mean 'author'?
src/app/pages/MyPage.tsx(5,25): error TS6133: 'Comment' is declared but its value is never read.
src/app/pages/NotificationPage.tsx(12,3): error TS6133: 'Trash2' is declared but its value is never read.
src/app/pages/NotificationPage.tsx(28,9): error TS6133: 'user' is declared but its value is never read.
src/app/pages/SchedulePage.tsx(346,11): error TS6133: 'user' is declared but its value is never read.
src/lib/firebase/auth.service.ts(432,32): error TS6133: 'role' is declared but its value is never read.
